2026-07-04 13:29:21.092 +08:00 [INF] 系统启动完成
2026-07-04 14:03:33.214 +08:00 [INF] 系统启动完成
2026-07-04 14:36:06.349 +08:00 [INF] 系统启动完成
2026-07-04 14:36:15.088 +08:00 [INF] 用户登录: experimenter 角色: experimenter
2026-07-04 14:36:29.222 +08:00 [INF] 新建试验: ProductId=xcx TestId=ssz 操作员=experimenter 时长模式=Fixed 环境温度=25°C
2026-07-04 14:36:29.227 +08:00 [INF] 状态切换: "Idle" → "Preparing" | 操作员: experimenter | 样品: xcx
2026-07-04 14:36:50.302 +08:00 [INF] 状态切换: "Preparing" → "Idle" | 操作员: experimenter | 样品: xcx
2026-07-04 14:37:27.606 +08:00 [INF] 新建试验: ProductId=ssdasda TestId=sdsdf 操作员=experimenter 时长模式=Standard 环境温度=25°C
2026-07-04 14:37:27.611 +08:00 [INF] 状态切换: "Idle" → "Preparing" | 操作员: experimenter | 样品: ssdasda
2026-07-04 14:38:03.616 +08:00 [INF] 系统启动完成
2026-07-04 14:38:08.797 +08:00 [INF] 用户登录: admin 角色: admin
2026-07-04 14:38:17.952 +08:00 [INF] 新建试验: ProductId=dfsdf TestId=cgxg 操作员=admin 时长模式=Standard 环境温度=25°C
2026-07-04 14:38:17.959 +08:00 [INF] 状态切换: "Idle" → "Preparing" | 操作员: admin | 样品: dfsdf
2026-07-04 14:39:02.641 +08:00 [INF] 状态切换: "Preparing" → "Ready" | 操作员: admin | 样品: dfsdf
2026-07-04 14:39:09.826 +08:00 [INF] 状态切换: "Ready" → "Recording" | 操作员: admin | 样品: dfsdf
2026-07-04 14:39:20.906 +08:00 [INF] 状态切换: "Recording" → "Complete" | 操作员: admin | 样品: dfsdf
2026-07-04 14:44:30.939 +08:00 [INF] 系统启动完成
2026-07-04 14:44:41.299 +08:00 [INF] 用户登录: admin 角色: admin
2026-07-04 14:44:45.061 +08:00 [INF] 状态切换: "Idle" → "Preparing" | 操作员: - | 样品: -
2026-07-04 14:45:28.949 +08:00 [INF] 状态切换: "Preparing" → "Ready" | 操作员: - | 样品: -
2026-07-04 14:45:49.709 +08:00 [INF] 状态切换: "Ready" → "Idle" | 操作员: - | 样品: -
2026-07-04 14:45:54.997 +08:00 [INF] 新建试验: ProductId=sdx TestId=xxcv 操作员=admin 时长模式=Standard 环境温度=25°C
2026-07-04 14:45:55.001 +08:00 [INF] 状态切换: "Idle" → "Preparing" | 操作员: admin | 样品: sdx
2026-07-04 14:46:03.878 +08:00 [INF] 状态切换: "Preparing" → "Idle" | 操作员: admin | 样品: sdx
2026-07-04 14:46:07.435 +08:00 [INF] 状态切换: "Idle" → "Preparing" | 操作员: admin | 样品: sdx
2026-07-04 14:46:07.964 +08:00 [INF] 状态切换: "Preparing" → "Ready" | 操作员: admin | 样品: sdx
2026-07-04 14:46:17.503 +08:00 [INF] 状态切换: "Ready" → "Recording" | 操作员: admin | 样品: sdx
2026-07-04 14:46:37.255 +08:00 [INF] 状态切换: "Recording" → "Complete" | 操作员: admin | 样品: sdx
2026-07-04 14:46:53.889 +08:00 [INF] 状态切换: "Complete" → "Idle" | 操作员: admin | 样品: sdx
2026-07-04 14:47:02.274 +08:00 [INF] 新建试验: ProductId=ffzxc TestId=fdgd 操作员=admin 时长模式=Standard 环境温度=25°C
2026-07-04 14:47:02.279 +08:00 [INF] 状态切换: "Idle" → "Preparing" | 操作员: admin | 样品: ffzxc
2026-07-04 14:47:12.968 +08:00 [INF] 状态切换: "Preparing" → "Ready" | 操作员: admin | 样品: ffzxc
2026-07-04 14:47:18.923 +08:00 [INF] 状态切换: "Ready" → "Recording" | 操作员: admin | 样品: ffzxc
2026-07-04 14:47:45.417 +08:00 [INF] 状态切换: "Recording" → "Complete" | 操作员: admin | 样品: ffzxc
